<?xml version="1.0" encoding="UTF-8"?>
<testsuite xmlns:xsi="http://www.w3.org/2001/XMLSchema-instance" xsi:noNamespaceSchemaLocation="https://maven.apache.org/surefire/maven-surefire-plugin/xsd/surefire-test-report-3.0.xsd" version="3.0" name="com.example.NYTimesAPI.DemoApplicationTests" time="14.132" tests="1" errors="0" skipped="0" failures="0">
  <properties>
[...]
</properties>
  <testcase name="contextLoads" classname="com.example.NYTimesAPI.DemoApplicationTests" time="6.179">
    <system-out><![CDATA[00:27:05.751 [main] INFO org.springframework.test.context.support.AnnotationConfigContextLoaderUtils -- Could not detect default configuration classes for test class [com.example.NYTimesAPI.DemoApplicationTests]: DemoApplicationTests does not declare any static, non-private, non-final, nested classes annotated with @Configuration.
00:27:06.095 [main] INFO org.springframework.boot.test.context.SpringBootTestContextBootstrapper -- Found @SpringBootConfiguration com.example.NYTimesAPI.DemoApplication for test class com.example.NYTimesAPI.DemoApplicationTests

  .   ____          _            __ _ _
 /\\ / ___'_ __ _ _(_)_ __  __ _ \ \ \ \
( ( )\___ | '_ | '_| | '_ \/ _` | \ \ \ \
 \\/  ___)| |_)| | | | | || (_| |  ) ) ) )
  '  |____| .__|_| |_|_| |_\__, | / / / /
 =========|_|==============|___/=/_/_/_/
 :: Spring Boot ::                (v3.2.5)

2025-03-15T00:27:07.497+05:30  INFO 5848 --- [NYTimes-demo] [           main] c.e.NYTimesAPI.DemoApplicationTests      : Starting DemoApplicationTests using Java 23 with PID 5848 (started by DELL in C:\Users\DELL\IdeaProjects\NYTimesAPI)
2025-03-15T00:27:07.501+05:30  INFO 5848 --- [NYTimes-demo] [           main] c.e.NYTimesAPI.DemoApplicationTests      : The following 1 profile is active: "test"
2025-03-15T00:27:11.869+05:30  INFO 5848 --- [NYTimes-demo] [           main] o.s.s.web.DefaultSecurityFilterChain     : Will secure any request with [org.springframework.security.web.session.DisableEncodeUrlFilter@7c369270, org.springframework.security.web.context.request.async.WebAsyncManagerIntegrationFilter@9f86dc3, org.springframework.security.web.context.SecurityContextHolderFilter@63f9b562, org.springframework.security.web.header.HeaderWriterFilter@54b2fc58, org.springframework.web.filter.CorsFilter@41d16cc3, org.springframework.security.web.csrf.CsrfFilter@2da99821, org.springframework.security.web.authentication.logout.LogoutFilter@49fb0bbd, org.springframework.security.web.authentication.UsernamePasswordAuthenticationFilter@6963b88c, org.springframework.security.web.authentication.ui.DefaultLoginPageGeneratingFilter@16da1abc, org.springframework.security.web.authentication.ui.DefaultLogoutPageGeneratingFilter@662e682a, org.springframework.security.web.authentication.www.BasicAuthenticationFilter@4ed15347, org.springframework.security.web.savedrequest.RequestCacheAwareFilter@5426cb36, org.springframework.security.web.servletapi.SecurityContextHolderAwareRequestFilter@65e22def, org.springframework.security.web.authentication.AnonymousAuthenticationFilter@2e43c38d, org.springframework.security.web.access.ExceptionTranslationFilter@158e9f6e, org.springframework.security.web.access.intercept.AuthorizationFilter@1624775]
2025-03-15T00:27:12.762+05:30  WARN 5848 --- [NYTimes-demo] [           main] ion$DefaultTemplateResolverConfiguration : Cannot find template location: classpath:/templates/ (please add some templates, check your Thymeleaf configuration, or set spring.thymeleaf.check-template-location=false)
2025-03-15T00:27:13.129+05:30  INFO 5848 --- [NYTimes-demo] [           main] c.e.NYTimesAPI.DemoApplicationTests      : Started DemoApplicationTests in 6.594 seconds (process running for 9.438)
2025-03-15T00:27:15.549+05:30  INFO 5848 --- [NYTimes-demo] [           main] o.s.b.t.m.w.SpringBootMockServletContext : Initializing Spring TestDispatcherServlet ''
2025-03-15T00:27:15.549+05:30  INFO 5848 --- [NYTimes-demo] [           main] o.s.t.web.servlet.TestDispatcherServlet  : Initializing Servlet ''
2025-03-15T00:27:15.552+05:30  INFO 5848 --- [NYTimes-demo] [           main] o.s.t.web.servlet.TestDispatcherServlet  : Completed initialization in 3 ms

MockHttpServletRequest:
      HTTP Method = GET
      Request URI = /NYTimes/topStories/all
       Parameters = {}
          Headers = []
             Body = <no character encoding set>
    Session Attrs = {}

Handler:
             Type = com.example.NYTimesAPI.controller.Controller
           Method = com.example.NYTimesAPI.controller.Controller#getAllResults(String)

Async:
    Async started = false
     Async result = null

Resolved Exception:
             Type = null

ModelAndView:
        View name = null
             View = null
            Model = null

FlashMap:
       Attributes = null

MockHttpServletResponse:
           Status = 200
    Error message = null
          Headers = [Content-Type:"application/json"]
     Content type = application/json
             Body = [{"title":"Orchid Explosions in ‘Mexican Modernism’ at the Botanical Garden","section":"arts","url":"https://www.nytimes.com/2025/03/13/arts/design/orchid-exhibition-botanical-garden.html"},{"title":"Orchid Explosions in ‘Mexican Modernism’ at the Botanical Garden","section":"arts","url":"https://www.nytimes.com/2025/03/13/arts/design/orchid-exhibition-botanical-garden.html"},{"title":"Orchid Explosions in ‘Mexican Modernism’ at the Botanical Garden","section":"arts","url":"https://www.nytimes.com/2025/03/13/arts/design/orchid-exhibition-botanical-garden.html"},{"title":"Orchid Explosions in ‘Mexican Modernism’ at the Botanical Garden","section":"arts","url":"https://www.nytimes.com/2025/03/13/arts/design/orchid-exhibition-botanical-garden.html"},{"title":"Orchid Explosions in ‘Mexican Modernism’ at the Botanical Garden","section":"arts","url":"https://www.nytimes.com/2025/03/13/arts/design/orchid-exhibition-botanical-garden.html"},{"title":"Orchid Explosions in ‘Mexican Modernism’ at the Botanical Garden","section":"arts","url":"https://www.nytimes.com/2025/03/13/arts/design/orchid-exhibition-botanical-garden.html"},{"title":"Orchid Explosions in ‘Mexican Modernism’ at the Botanical Garden","section":"arts","url":"https://www.nytimes.com/2025/03/13/arts/design/orchid-exhibition-botanical-garden.html"},{"title":"Orchid Explosions in ‘Mexican Modernism’ at the Botanical Garden","section":"arts","url":"https://www.nytimes.com/2025/03/13/arts/design/orchid-exhibition-botanical-garden.html"},{"title":"Orchid Explosions in ‘Mexican Modernism’ at the Botanical Garden","section":"arts","url":"https://www.nytimes.com/2025/03/13/arts/design/orchid-exhibition-botanical-garden.html"},{"title":"Orchid Explosions in ‘Mexican Modernism’ at the Botanical Garden","section":"arts","url":"https://www.nytimes.com/2025/03/13/arts/design/orchid-exhibition-botanical-garden.html"},{"title":"Orchid Explosions in ‘Mexican Modernism’ at the Botanical Garden","section":"arts","url":"https://www.nytimes.com/2025/03/13/arts/design/orchid-exhibition-botanical-garden.html"},{"title":"Orchid Explosions in ‘Mexican Modernism’ at the Botanical Garden","section":"arts","url":"https://www.nytimes.com/2025/03/13/arts/design/orchid-exhibition-botanical-garden.html"},{"title":"Orchid Explosions in ‘Mexican Modernism’ at the Botanical Garden","section":"arts","url":"https://www.nytimes.com/2025/03/13/arts/design/orchid-exhibition-botanical-garden.html"},{"title":"Orchid Explosions in ‘Mexican Modernism’ at the Botanical Garden","section":"arts","url":"https://www.nytimes.com/2025/03/13/arts/design/orchid-exhibition-botanical-garden.html"},{"title":"Orchid Explosions in ‘Mexican Modernism’ at the Botanical Garden","section":"arts","url":"https://www.nytimes.com/2025/03/13/arts/design/orchid-exhibition-botanical-garden.html"},{"title":"Orchid Explosions in ‘Mexican Modernism’ at the Botanical Garden","section":"arts","url":"https://www.nytimes.com/2025/03/13/arts/design/orchid-exhibition-botanical-garden.html"},{"title":"Orchid Explosions in ‘Mexican Modernism’ at the Botanical Garden","section":"arts","url":"https://www.nytimes.com/2025/03/13/arts/design/orchid-exhibition-botanical-garden.html"},{"title":"Orchid Explosions in ‘Mexican Modernism’ at the Botanical Garden","section":"arts","url":"https://www.nytimes.com/2025/03/13/arts/design/orchid-exhibition-botanical-garden.html"},{"title":"Orchid Explosions in ‘Mexican Modernism’ at the Botanical Garden","section":"arts","url":"https://www.nytimes.com/2025/03/13/arts/design/orchid-exhibition-botanical-garden.html"},{"title":"Orchid Explosions in ‘Mexican Modernism’ at the Botanical Garden","section":"arts","url":"https://www.nytimes.com/2025/03/13/arts/design/orchid-exhibition-botanical-garden.html"},{"title":"Orchid Explosions in ‘Mexican Modernism’ at the Botanical Garden","section":"arts","url":"https://www.nytimes.com/2025/03/13/arts/design/orchid-exhibition-botanical-garden.html"},{"title":"Orchid Explosions in ‘Mexican Modernism’ at the Botanical Garden","section":"arts","url":"https://www.nytimes.com/2025/03/13/arts/design/orchid-exhibition-botanical-garden.html"},{"title":"Orchid Explosions in ‘Mexican Modernism’ at the Botanical Garden","section":"arts","url":"https://www.nytimes.com/2025/03/13/arts/design/orchid-exhibition-botanical-garden.html"},{"title":"Orchid Explosions in ‘Mexican Modernism’ at the Botanical Garden","section":"arts","url":"https://www.nytimes.com/2025/03/13/arts/design/orchid-exhibition-botanical-garden.html"},{"title":"Orchid Explosions in ‘Mexican Modernism’ at the Botanical Garden","section":"arts","url":"https://www.nytimes.com/2025/03/13/arts/design/orchid-exhibition-botanical-garden.html"},{"title":"Orchid Explosions in ‘Mexican Modernism’ at the Botanical Garden","section":"arts","url":"https://www.nytimes.com/2025/03/13/arts/design/orchid-exhibition-botanical-garden.html"},{"title":"Orchid Explosions in ‘Mexican Modernism’ at the Botanical Garden","section":"arts","url":"https://www.nytimes.com/2025/03/13/arts/design/orchid-exhibition-botanical-garden.html"},{"title":"Orchid Explosions in ‘Mexican Modernism’ at the Botanical Garden","section":"arts","url":"https://www.nytimes.com/2025/03/13/arts/design/orchid-exhibition-botanical-garden.html"},{"title":"Orchid Explosions in ‘Mexican Modernism’ at the Botanical Garden","section":"arts","url":"https://www.nytimes.com/2025/03/13/arts/design/orchid-exhibition-botanical-garden.html"},{"title":"Orchid Explosions in ‘Mexican Modernism’ at the Botanical Garden","section":"arts","url":"https://www.nytimes.com/2025/03/13/arts/design/orchid-exhibition-botanical-garden.html"},{"title":"Orchid Explosions in ‘Mexican Modernism’ at the Botanical Garden","section":"arts","url":"https://www.nytimes.com/2025/03/13/arts/design/orchid-exhibition-botanical-garden.html"},{"title":"Orchid Explosions in ‘Mexican Modernism’ at the Botanical Garden","section":"arts","url":"https://www.nytimes.com/2025/03/13/arts/design/orchid-exhibition-botanical-garden.html"},{"title":"Orchid Explosions in ‘Mexican Modernism’ at the Botanical Garden","section":"arts","url":"https://www.nytimes.com/2025/03/13/arts/design/orchid-exhibition-botanical-garden.html"},{"title":"Orchid Explosions in ‘Mexican Modernism’ at the Botanical Garden","section":"arts","url":"https://www.nytimes.com/2025/03/13/arts/design/orchid-exhibition-botanical-garden.html"},{"title":"Orchid Explosions in ‘Mexican Modernism’ at the Botanical Garden","section":"arts","url":"https://www.nytimes.com/2025/03/13/arts/design/orchid-exhibition-botanical-garden.html"},{"title":"Orchid Explosions in ‘Mexican Modernism’ at the Botanical Garden","section":"arts","url":"https://www.nytimes.com/2025/03/13/arts/design/orchid-exhibition-botanical-garden.html"},{"title":"Orchid Explosions in ‘Mexican Modernism’ at the Botanical Garden","section":"arts","url":"https://www.nytimes.com/2025/03/13/arts/design/orchid-exhibition-botanical-garden.html"},{"title":"Orchid Explosions in ‘Mexican Modernism’ at the Botanical Garden","section":"arts","url":"https://www.nytimes.com/2025/03/13/arts/design/orchid-exhibition-botanical-garden.html"},{"title":"Orchid Explosions in ‘Mexican Modernism’ at the Botanical Garden","section":"arts","url":"https://www.nytimes.com/2025/03/13/arts/design/orchid-exhibition-botanical-garden.html"}]
    Forwarded URL = null
   Redirected URL = null
          Cookies = []
]]></system-out>
    <system-err><![CDATA[WARNING: A Java agent has been loaded dynamically (C:\Users\DELL\.m2\repository\net\bytebuddy\byte-buddy-agent\1.14.13\byte-buddy-agent-1.14.13.jar)
WARNING: If a serviceability tool is in use, please run with -XX:+EnableDynamicAgentLoading to hide this warning
WARNING: If a serviceability tool is not in use, please run with -Djdk.instrument.traceUsage for more information
WARNING: Dynamic loading of agents will be disallowed by default in a future release
]]></system-err>
  </testcase>
</testsuite>